# JRE version: Java(TM) SE Runtime Environment (15.0+36) (build 15+36-1562)
# Java VM: Java HotSpot(TM) 64-Bit Server VM (15+36-1562, mixed mode, sharing, tiered, compressed oops, g1 gc, windows-amd64)
GC Precious Log:
 CPUs: 8 total, 8 available
 Memory: 8034M
 Large Page Support: Disabled
 NUMA Support: Disabled
 Compressed Oops: Enabled (32-bit)
 Heap Region Size: 1M
 Heap Min Capacity: 8M
 Heap Initial Capacity: 126M
 Heap Max Capacity: 2G
 Pre-touch: Disabled
 Parallel Workers: 8
 Concurrent Workers: 2
 Concurrent Refinement Workers: 8
 Periodic GC: Disabled
Heap:
 garbage-first heap   total 416768K, used 137171K [0x0000000080000000, 0x0000000100000000)
  region size 1024K, 23 young (23552K), 15 survivors (15360K)
 Metaspace       used 130712K, capacity 134081K, committed 134396K, reserved 1167360K
  class space    used 15465K, capacity 16522K, committed 16636K, reserved 1048576K
GC Heap History (20 events):
Event: 16534.542 GC heap before
{Heap before GC invocations=454 (full 1):
 garbage-first heap   total 416768K, used 172902K [0x0000000080000000, 0x0000000100000000)
  region size 1024K, 62 young (63488K), 17 survivors (17408K)
 Metaspace       used 128641K, capacity 131727K, committed 132092K, reserved 1165312K
  class space    used 15298K, capacity 16255K, committed 16380K, reserved 1048576K
}
Event: 16534.560 GC heap after
{Heap after GC invocations=455 (full 1):
 garbage-first heap   total 416768K, used 117701K [0x0000000080000000, 0x0000000100000000)
  region size 1024K, 4 young (4096K), 4 survivors (4096K)
 Metaspace       used 128641K, capacity 131727K, committed 132092K, reserved 1165312K
  class space    used 15298K, capacity 16255K, committed 16380K, reserved 1048576K
}
Event: 16870.670 GC heap before
{Heap before GC invocations=456 (full 1):
 garbage-first heap   total 416768K, used 348101K [0x0000000080000000, 0x0000000100000000)
  region size 1024K, 190 young (194560K), 4 survivors (4096K)
 Metaspace       used 128863K, capacity 132043K, committed 132348K, reserved 1165312K
  class space    used 15314K, capacity 16298K, committed 16380K, reserved 1048576K
}
Event: 16870.691 GC heap after
{Heap after GC invocations=457 (full 1):
 garbage-first heap   total 416768K, used 127599K [0x0000000080000000, 0x0000000100000000)
  region size 1024K, 15 young (15360K), 15 survivors (15360K)
 Metaspace       used 128863K, capacity 132043K, committed 132348K, reserved 1165312K
  class space    used 15314K, capacity 16298K, committed 16380K, reserved 1048576K
}
Event: 16967.235 GC heap before
{Heap before GC invocations=458 (full 1):
 garbage-first heap   total 416768K, used 377455K [0x0000000080000000, 0x0000000100000000)
  region size 1024K, 215 young (220160K), 15 survivors (15360K)
 Metaspace       used 128795K, capacity 131809K, committed 132348K, reserved 1165312K
  class space    used 15301K, capacity 16259K, committed 16380K, reserved 1048576K
}
Event: 16967.289 GC heap after
{Heap after GC invocations=459 (full 1):
 garbage-first heap   total 416768K, used 130136K [0x0000000080000000, 0x0000000100000000)
  region size 1024K, 14 young (14336K), 14 survivors (14336K)
 Metaspace       used 128795K, capacity 131809K, committed 132348K, reserved 1165312K
  class space    used 15301K, capacity 16259K, committed 16380K, reserved 1048576K
}
Event: 16967.362 GC heap before
{Heap before GC invocations=459 (full 1):
 garbage-first heap   total 416768K, used 135256K [0x0000000080000000, 0x0000000100000000)
  region size 1024K, 20 young (20480K), 14 survivors (14336K)
 Metaspace       used 128816K, capacity 131873K, committed 132348K, reserved 1165312K
  class space    used 15301K, capacity 16259K, committed 16380K, reserved 1048576K
}
Event: 16967.476 GC heap after
{Heap after GC invocations=460 (full 1):
 garbage-first heap   total 416768K, used 108156K [0x0000000080000000, 0x0000000100000000)
  region size 1024K, 3 young (3072K), 3 survivors (3072K)
 Metaspace       used 128816K, capacity 131873K, committed 132348K, reserved 1165312K
  class space    used 15301K, capacity 16259K, committed 16380K, reserved 1048576K
}
Event: 16969.722 GC heap before
{Heap before GC invocations=460 (full 1):
 garbage-first heap   total 416768K, used 234108K [0x0000000080000000, 0x0000000100000000)
  region size 1024K, 128 young (131072K), 3 survivors (3072K)
 Metaspace       used 129031K, capacity 132241K, committed 132604K, reserved 1165312K
  class space    used 15315K, capacity 16299K, committed 16380K, reserved 1048576K
}
Event: 16969.736 GC heap after
{Heap after GC invocations=461 (full 1):
 garbage-first heap   total 416768K, used 113973K [0x0000000080000000, 0x0000000100000000)
  region size 1024K, 9 young (9216K), 9 survivors (9216K)
 Metaspace       used 129031K, capacity 132241K, committed 132604K, reserved 1165312K
  class space    used 15315K, capacity 16299K, committed 16380K, reserved 1048576K
}
Event: 16970.974 GC heap before
{Heap before GC invocations=462 (full 1):
 garbage-first heap   total 416768K, used 247093K [0x0000000080000000, 0x0000000100000000)
  region size 1024K, 140 young (143360K), 9 survivors (9216K)
 Metaspace       used 128894K, capacity 132001K, committed 132604K, reserved 1165312K
  class space    used 15301K, capacity 16259K, committed 16380K, reserved 1048576K
}
Event: 16970.993 GC heap after
{Heap after GC invocations=463 (full 1):
 garbage-first heap   total 416768K, used 124947K [0x0000000080000000, 0x0000000100000000)
  region size 1024K, 19 young (19456K), 19 survivors (19456K)
 Metaspace       used 128894K, capacity 132001K, committed 132604K, reserved 1165312K
  class space    used 15301K, capacity 16259K, committed 16380K, reserved 1048576K
}
Event: 16971.270 GC heap before
{Heap before GC invocations=464 (full 1):
 garbage-first heap   total 416768K, used 158739K [0x0000000080000000, 0x0000000100000000)
  region size 1024K, 29 young (29696K), 19 survivors (19456K)
 Metaspace       used 128898K, capacity 132001K, committed 132604K, reserved 1165312K
  class space    used 15301K, capacity 16259K, committed 16380K, reserved 1048576K
}
Event: 16971.283 GC heap after
{Heap after GC invocations=465 (full 1):
 garbage-first heap   total 416768K, used 132645K [0x0000000080000000, 0x0000000100000000)
  region size 1024K, 5 young (5120K), 5 survivors (5120K)
 Metaspace       used 128898K, capacity 132001K, committed 132604K, reserved 1165312K
  class space    used 15301K, capacity 16259K, committed 16380K, reserved 1048576K
}
Event: 16987.288 GC heap before
{Heap before GC invocations=466 (full 1):
 garbage-first heap   total 416768K, used 308773K [0x0000000080000000, 0x0000000100000000)
  region size 1024K, 162 young (165888K), 5 survivors (5120K)
 Metaspace       used 129475K, capacity 132817K, committed 132988K, reserved 1165312K
  class space    used 15379K, capacity 16418K, committed 16508K, reserved 1048576K
}
Event: 16987.300 GC heap after
{Heap after GC invocations=467 (full 1):
 garbage-first heap   total 416768K, used 124243K [0x0000000080000000, 0x0000000100000000)
  region size 1024K, 14 young (14336K), 14 survivors (14336K)
 Metaspace       used 129475K, capacity 132817K, committed 132988K, reserved 1165312K
  class space    used 15379K, capacity 16418K, committed 16508K, reserved 1048576K
}
Event: 16988.688 GC heap before
{Heap before GC invocations=468 (full 1):
 garbage-first heap   total 416768K, used 293203K [0x0000000080000000, 0x0000000100000000)
  region size 1024K, 179 young (183296K), 14 survivors (14336K)
 Metaspace       used 130545K, capacity 133841K, committed 134140K, reserved 1167360K
  class space    used 15450K, capacity 16482K, committed 16636K, reserved 1048576K
}
Event: 16988.706 GC heap after
{Heap after GC invocations=469 (full 1):
 garbage-first heap   total 416768K, used 135004K [0x0000000080000000, 0x0000000100000000)
  region size 1024K, 23 young (23552K), 23 survivors (23552K)
 Metaspace       used 130545K, capacity 133841K, committed 134140K, reserved 1167360K
  class space    used 15450K, capacity 16482K, committed 16636K, reserved 1048576K
}
Event: 17808.467 GC heap before
{Heap before GC invocations=470 (full 1):
 garbage-first heap   total 416768K, used 363356K [0x0000000080000000, 0x0000000100000000)
  region size 1024K, 205 young (209920K), 23 survivors (23552K)
 Metaspace       used 130712K, capacity 134081K, committed 134396K, reserved 1167360K
  class space    used 15465K, capacity 16522K, committed 16636K, reserved 1048576K
}
Event: 17808.627 GC heap after
{Heap after GC invocations=471 (full 1):
 garbage-first heap   total 416768K, used 127955K [0x0000000080000000, 0x0000000100000000)
  region size 1024K, 15 young (15360K), 15 survivors (15360K)
 Metaspace       used 130712K, capacity 134081K, committed 134396K, reserved 1167360K
  class space    used 15465K, capacity 16522K, committed 16636K, reserved 1048576K
}

